<?xml version="1.0" encoding="UTF-8"?>
<testng-results ignored="0" total="1" passed="1" failed="0" skipped="0">
  <reporter-output>
  </reporter-output>
  <suite started-at="2023-09-13T14:32:50 IST" name="Default suite" finished-at="2023-09-13T14:33:08 IST" duration-ms="18655">
    <groups>
    </groups>
    <test started-at="2023-09-13T14:32:50 IST" name="Default test" finished-at="2023-09-13T14:33:08 IST" duration-ms="18655">
      <class name="TestNg.EmpireHome">
        <test-method signature="AddProduct()[pri:0, instance:TestNg.EmpireHome@5656be13]" started-at="2023-09-13T14:32:50 IST" name="AddProduct" finished-at="2023-09-13T14:33:08 IST" duration-ms="18580" status="PASS">
          <reporter-output>
          </reporter-output>
        </test-method> <!-- AddProduct -->
      </class> <!-- TestNg.EmpireHome -->
    </test> <!-- Default test -->
  </suite> <!-- Default suite -->
</testng-results>
